<?xml version="1.0" encoding="UTF-8" ?>
<testsuite tests="3" failures="0" name="org.openweathermap.api.weather.CucumberRunnerTest" time="7.707" errors="0" skipped="0">
  <properties>
[...]
</properties>
  <testcase classname="Validate API key, GetWeather, Register Stations" name="Get Weather" time="5.982"/>
  <testcase classname="Validate API key, GetWeather, Register Stations" name="Register New Station" time="1.281"/>
  <testcase classname="Validate API key, GetWeather, Register Stations" name="Invalid API Key" time="0.444"/>
</testsuite>